<?xml version="1.0" encoding="UTF-8"?>
<!-- Generated by org.testng.reporters.JUnitReportReporter -->
<testsuite hostname="LAPTOP-ARDAERE4" failures="0" tests="1" name="com.companyname.bank.consumerBanking.SeleniumTest" time="0.000" errors="0" timestamp="2020-12-27T16:14:05 EST" skipped="0">
  <testcase classname="com.companyname.bank.consumerBanking.SeleniumTest" name="testDemo" time="0.000"/>
  <system-out/>
</testsuite> <!-- com.companyname.bank.consumerBanking.SeleniumTest -->
