<?xml version="1.0" encoding="UTF-8"?>
<!-- Generated by org.testng.reporters.JUnitReportReporter -->
<testsuite hostname="LAPTOP-ARDAERE4" failures="0" tests="1" name="com.companyname.bank.consumerBanking.AppiumTest" time="0.016" errors="0" timestamp="2020-12-18T16:55:12 EST" skipped="0">
  <testcase classname="com.companyname.bank.consumerBanking.AppiumTest" name="testDemo" time="0.016"/>
  <system-out/>
</testsuite> <!-- com.companyname.bank.consumerBanking.AppiumTest -->
